<?xml version="1.0" encoding="UTF-8"?>
<!-- Generated by org.testng.reporters.JUnitReportReporter -->
<testsuite skipped="0" hostname="admin" name="FirstMavanPackage.FirstTestNGClass" tests="1" failures="0" timestamp="07 Apr 2019 05:46:30 GMT" time="0.032" errors="0">
  <testcase name="f" time="0.032" classname="FirstMavanPackage.FirstTestNGClass"/>
</testsuite> <!-- FirstMavanPackage.FirstTestNGClass -->
